#
# There is insufficient memory for the Java Runtime Environment to continue.
# Native memory allocation (mmap) failed to map 264241152 bytes. Error detail: G1 virtual space
# Possible reasons:
#   The system is out of physical RAM or swap space
#   This process is running with CompressedOops enabled, and the Java Heap may be blocking the growth of the native heap
# Possible solutions:
#   Reduce memory load on the system
#   Increase physical memory or swap space
#   Check if swap backing store is full
#   Decrease Java heap size (-Xmx/-Xms)
#   Decrease number of Java threads
#   Decrease Java thread stack sizes (-Xss)
#   Set larger code cache with -XX:ReservedCodeCacheSize=
#   JVM is running with Zero Based Compressed Oops mode in which the Java heap is
#     placed in the first 32GB address space. The Java Heap base address is the
#     maximum limit for the native heap growth. Please use -XX:HeapBaseMinAddress
#     to set the Java Heap base and to place the Java Heap above 32GB virtual address.
# This output file may be truncated or incomplete.
#
#  Out of Memory Error (os_windows.cpp:3631), pid=3788, tid=852
#
# JRE version:  (22.0.1+8) (build )
# Java VM: Java HotSpot(TM) 64-Bit Server VM (22.0.1+8-16, mixed mode, sharing, tiered, compressed oops, compressed class ptrs, g1 gc, windows-amd64)
# No core dump will be written. Minidumps are not enabled by default on client versions of Windows
#

---------------  S U M M A R Y ------------

Command Line: -Dcompose.application.configure.swing.globals=true -Dcompose.application.resources.dir=D:\KmpApps\Process\composeApp\build\compose\tmp\prepareAppResources -Dfile.encoding=UTF-8 -Duser.country=US -Duser.language=en -Duser.variant MainKt

Host: 12th Gen Intel(R) Core(TM) i5-12450H, 12 cores, 15G,  Windows 11 , 64 bit Build 22621 (10.0.22621.3672)
Time: Mon Jul 15 19:31:26 2024 India Standard Time elapsed time: 0.006822 seconds (0d 0h 0m 0s)

---------------  T H R E A D  ---------------

Current thread (0x0000027d1eb4a940):  JavaThread "Unknown thread" [_thread_in_vm, id=852, stack(0x000000ef68e00000,0x000000ef68f00000) (1024K)]

Stack: [0x000000ef68e00000,0x000000ef68f00000]
Native frames: (J=compiled Java code, j=interpreted, Vv=VM code, C=native code)
V  [jvm.dll+0x6e2279]  (no source info available)
V  [jvm.dll+0x874e33]  (no source info available)
V  [jvm.dll+0x87725e]  (no source info available)
V  [jvm.dll+0x877933]  (no source info available)
V  [jvm.dll+0x27fd76]  (no source info available)
V  [jvm.dll+0x6de915]  (no source info available)
V  [jvm.dll+0x6d341a]  (no source info available)
V  [jvm.dll+0x3589da]  (no source info available)
V  [jvm.dll+0x360f06]  (no source info available)
V  [jvm.dll+0x3b3e2e]  (no source info available)
V  [jvm.dll+0x3b40d8]  (no source info available)
V  [jvm.dll+0x32c59c]  (no source info available)
V  [jvm.dll+0x32d158]  (no source info available)
V  [jvm.dll+0x83ccdc]  (no source info available)
V  [jvm.dll+0x3c0d71]  (no source info available)
V  [jvm.dll+0x825ccc]  (no source info available)
V  [jvm.dll+0x45b8fe]  (no source info available)
V  [jvm.dll+0x45d781]  (no source info available)
C  [jli.dll+0x52a3]  (no source info available)
C  [ucrtbase.dll+0x29333]  (no source info available)
C  [KERNEL32.DLL+0x1257d]  (no source info available)
C  [ntdll.dll+0x5af28]  (no source info available)


---------------  P R O C E S S  ---------------

Threads class SMR info:
_java_thread_list=0x00007ffe24b5b1c8, length=0, elements={
}

Java Threads: ( => current thread )
Total: 0

Other Threads:
  0x0000027d20d2e2b0 WorkerThread "GC Thread#0"                     [id=18904, stack(0x000000ef68f00000,0x000000ef69000000) (1024K)]
  0x0000027d20d3f010 ConcurrentGCThread "G1 Main Marker"            [id=21140, stack(0x000000ef69000000,0x000000ef69100000) (1024K)]
  0x0000027d20d402c0 WorkerThread "G1 Conc#0"                       [id=15356, stack(0x000000ef69100000,0x000000ef69200000) (1024K)]

[error occurred during error reporting (printing all threads), id 0xc0000005, EXCEPTION_ACCESS_VIOLATION (0xc0000005) at pc=0x00007ffe242af367]
VM state: not at safepoint (not fully initialized)

VM Mutex/Monitor currently owned by a thread:  ([mutex/lock_event])
[0x00007ffe24bdbcb8] Heap_lock - owner thread: 0x0000027d1eb4a940

Heap address: 0x0000000704400000, size: 4028 MB, Compressed Oops mode: Zero based, Oop shift amount: 3

CDS archive(s) mapped at: [0x0000000000000000-0x0000000000000000-0x0000000000000000), size 0, SharedBaseAddress: 0x0000000800000000, ArchiveRelocationMode: 1.
Narrow klass base: 0x0000000000000000, Narrow klass shift: 0, Narrow klass range: 0x0

GC Precious Log:
 CardTable entry size: 512
 Card Set container configuration: InlinePtr #cards 4 size 8 Array Of Cards #cards 16 size 48 Howl #buckets 8 coarsen threshold 3686 Howl Bitmap #cards 512 size 80 coarsen threshold 460 Card regions per heap region 1 cards per card region 4096

Heap:
 garbage-first heap   total reserved 4124672K, committed 0K, used 0K [0x0000000704400000, 0x0000000800000000)
  region size 2048K, 0 young (0K), 0 survivors (0K)

[error occurred during error reporting (printing heap information), id 0xc0000005, EXCEPTION_ACCESS_VIOLATION (0xc0000005) at pc=0x00007ffe246ae429]
GC Heap History (0 events):
No events

Dll operation events (1 events):
Event: 0.004 Loaded shared library D:\Programs\Jdk\bin\java.dll

Deoptimization events (0 events):
No events

Classes loaded (0 events):
No events

Classes unloaded (0 events):
No events

Classes redefined (0 events):
No events

Internal exceptions (0 events):
No events

ZGC Phase Switch (0 events):
No events

VM Operations (0 events):
No events

Events (0 events):
No events


Dynamic libraries:
0x00007ff656390000 - 0x00007ff6563a0000 	D:\Programs\Jdk\bin\java.exe
0x00007ffe9f930000 - 0x00007ffe9fb47000 	C:\WINDOWS\SYSTEM32\ntdll.dll
0x00007ffe9e5d0000 - 0x00007ffe9e694000 	C:\WINDOWS\System32\KERNEL32.DLL
0x00007ffe9cc60000 - 0x00007ffe9d00c000 	C:\WINDOWS\System32\KERNELBASE.dll
0x00007ffe9d360000 - 0x00007ffe9d471000 	C:\WINDOWS\System32\ucrtbase.dll
0x00007ffe7c3f0000 - 0x00007ffe7c407000 	D:\Programs\Jdk\bin\jli.dll
0x00007ffe7c3d0000 - 0x00007ffe7c3eb000 	D:\Programs\Jdk\bin\VCRUNTIME140.dll
0x00007ffe9f820000 - 0x00007ffe9f8d2000 	C:\WINDOWS\System32\ADVAPI32.dll
0x00007ffe9ea90000 - 0x00007ffe9eb37000 	C:\WINDOWS\System32\msvcrt.dll
0x00007ffe9f630000 - 0x00007ffe9f6da000 	C:\WINDOWS\System32\sechost.dll
0x00007ffe9d010000 - 0x00007ffe9d038000 	C:\WINDOWS\System32\bcrypt.dll
0x00007ffe9dfb0000 - 0x00007ffe9e0c5000 	C:\WINDOWS\System32\RPCRT4.dll
0x00007ffe9ed70000 - 0x00007ffe9ef1e000 	C:\WINDOWS\System32\USER32.dll
0x00007ffe9d0b0000 - 0x00007ffe9d0d6000 	C:\WINDOWS\System32\win32u.dll
0x00007ffe7b3f0000 - 0x00007ffe7b683000 	C:\WINDOWS\WinSxS\amd64_microsoft.windows.common-controls_6595b64144ccf1df_6.0.22621.3672_none_2713b9d173822955\COMCTL32.dll
0x00007ffe9f5f0000 - 0x00007ffe9f619000 	C:\WINDOWS\System32\GDI32.dll
0x00007ffe9d0e0000 - 0x00007ffe9d1f9000 	C:\WINDOWS\System32\gdi32full.dll
0x00007ffe9d200000 - 0x00007ffe9d29a000 	C:\WINDOWS\System32\msvcp_win.dll
0x00007ffe8feb0000 - 0x00007ffe8feba000 	C:\WINDOWS\SYSTEM32\VERSION.dll
0x00007ffe9ed30000 - 0x00007ffe9ed61000 	C:\WINDOWS\System32\IMM32.DLL
0x00007ffe83db0000 - 0x00007ffe83dbc000 	D:\Programs\Jdk\bin\vcruntime140_1.dll
0x00007ffe2b600000 - 0x00007ffe2b68e000 	D:\Programs\Jdk\bin\msvcp140.dll
0x00007ffe23f70000 - 0x00007ffe24cb7000 	D:\Programs\Jdk\bin\server\jvm.dll
0x00007ffe9ef30000 - 0x00007ffe9efa1000 	C:\WINDOWS\System32\WS2_32.dll
0x00007ffe9bb10000 - 0x00007ffe9bb5d000 	C:\WINDOWS\SYSTEM32\POWRPROF.dll
0x00007ffe92360000 - 0x00007ffe92394000 	C:\WINDOWS\SYSTEM32\WINMM.dll
0x00007ffe9bad0000 - 0x00007ffe9bae3000 	C:\WINDOWS\SYSTEM32\UMPDC.dll
0x00007ffe9bd80000 - 0x00007ffe9bd98000 	C:\WINDOWS\SYSTEM32\kernel.appcore.dll
0x00007ffe7ce60000 - 0x00007ffe7ce6a000 	D:\Programs\Jdk\bin\jimage.dll
0x00007ffe9a740000 - 0x00007ffe9a972000 	C:\WINDOWS\SYSTEM32\DBGHELP.DLL
0x00007ffe9f260000 - 0x00007ffe9f5e8000 	C:\WINDOWS\System32\combase.dll
0x00007ffe9f6e0000 - 0x00007ffe9f7b7000 	C:\WINDOWS\System32\OLEAUT32.dll
0x00007ffe87400000 - 0x00007ffe87432000 	C:\WINDOWS\SYSTEM32\dbgcore.DLL
0x00007ffe9d480000 - 0x00007ffe9d4fb000 	C:\WINDOWS\System32\bcryptPrimitives.dll
0x00007ffe7c3b0000 - 0x00007ffe7c3ce000 	D:\Programs\Jdk\bin\java.dll
0x00007ffe9d6f0000 - 0x00007ffe9df4c000 	C:\WINDOWS\System32\SHELL32.dll
0x00007ffe9f0b0000 - 0x00007ffe9f255000 	C:\WINDOWS\System32\ole32.dll

dbghelp: loaded successfully - version: 4.0.5 - missing functions: none
symbol engine: initialized successfully - sym options: 0x614 - pdb path: .;D:\Programs\Jdk\bin;C:\WINDOWS\SYSTEM32;C:\WINDOWS\WinSxS\amd64_microsoft.windows.common-controls_6595b64144ccf1df_6.0.22621.3672_none_2713b9d173822955;D:\Programs\Jdk\bin\server

VM Arguments:
jvm_args: -Dcompose.application.configure.swing.globals=true -Dcompose.application.resources.dir=D:\KmpApps\Process\composeApp\build\compose\tmp\prepareAppResources -Dfile.encoding=UTF-8 -Duser.country=US -Duser.language=en -Duser.variant 
java_command: MainKt
java_class_path (initial): D:\KmpApps\Process\composeApp\build\libs\composeApp-desktop.jar;C:\Users\Hemang Mishra\.gradle\caches\modules-2\files-2.1\org.jetbrains.compose.desktop\desktop-jvm\1.6.11\4c88c77f0770ee2c111199047d90ed5a47e4482b\desktop-jvm-1.6.11.jar;C:\Users\Hemang Mishra\.gradle\caches\modules-2\files-2.1\org.jetbrains.compose.material\material-desktop\1.6.11\d3e4b632fadb752973fa898989e4666e986011e6\material-desktop-1.6.11.jar;C:\Users\Hemang Mishra\.gradle\caches\modules-2\files-2.1\org.jetbrains.compose.components\components-resources-desktop\1.6.11\5320a6943410f5e8484a3140a9a562d716753bc5\library-desktop-1.6.11.jar;C:\Users\Hemang Mishra\.gradle\caches\modules-2\files-2.1\org.jetbrains.compose.material\material-ripple-desktop\1.6.11\81d8093be11dfbc4ce334bad9bcfc237f21ed701\material-ripple-desktop-1.6.11.jar;C:\Users\Hemang Mishra\.gradle\caches\modules-2\files-2.1\org.jetbrains.compose.foundation\foundation-desktop\1.6.11\c9a646ef258f51a7be4929848e951ea02bb80ddf\foundation-desktop-1.6.11.jar;C:\Users\Hemang Mishra\.gradle\caches\modules-2\files-2.1\org.jetbrains.androidx.navigation\navigation-compose-desktop\2.7.0-alpha07\2a8757bd7d992b5f308ad869cca5ca6d1f7db197\navigation-compose-desktop-2.7.0-alpha07.jar;C:\Users\Hemang Mishra\.gradle\caches\modules-2\files-2.1\org.jetbrains.androidx.lifecycle\lifecycle-viewmodel-compose-desktop\2.8.0\e552ead71214a51db849965d251b98a31f585471\lifecycle-viewmodel-compose-desktop-2.8.0.jar;C:\Users\Hemang Mishra\.gradle\caches\modules-2\files-2.1\org.jetbrains.compose.animation\animation-desktop\1.6.11\ce21e9b6dea3019932615f2211ddec7eb4525cd6\animation-desktop-1.6.11.jar;C:\Users\Hemang Mishra\.gradle\caches\modules-2\files-2.1\org.jetbrains.compose.foundation\foundation-layout-desktop\1.6.11\da4289cf3f4f7b0ee49c7db8bd2f5db09aac6dee\foundation-layout-desktop-1.6.11.jar;C:\Users\Hemang Mishra\.gradle\caches\modules-2\files-2.1\org.jetbrains.compose.animation\animation-core-desktop\1.6.11\f6404cd973e8dc12994f487a61967aa4f8a949b4\animation-core-desktop-1.6.11.jar;C:\Users\Hemang Mishra\.gradle\caches\modules-2\files-2.1\org.jetbrains.compose.material\material-icons-core-desktop\1.6.11\47e99680d4e5f234dc4514fd12fec4daf1af4597\material-icons-core-desktop-1.6.11.jar;C:\Users\Hemang Mishra\.gradle\caches\modules-2\files-2.1\org.jetbrains.compose.ui\ui-desktop\1.6.11\aa323518f3353e2ea331e1093081329a437e60b8\ui-desktop-1.6.11.jar;C:\Users\Hemang Mishra\.gradle\caches\modules-2\files-2.1\org.jetbrains.compose.ui\ui-text-desktop\1.6.11\c84eb9f99b8492775cfc57b458a2c113b2139041\ui-text-desktop-1.6.11.jar;C:\Users\Hemang Mishra\.gradle\caches\modules-2\files-2.1\org.jetbrains.androidx.lifecycle\lifecycle-runtime-compose-desktop\2.8.0\4120374fb483acbf8077d5e43ebb74820a565ac1\lifecycle-runtime-compose-desktop-2.8.0.jar;C:\Users\Hemang Mishra\.gradle\caches\modules-2\files-2.1\org.jetbrains.compose.runtime\runtime-saveable-desktop\1.6.11\74106ad127dea1103cfa5517287147da68694e9f\runtime-saveable-desktop-1.6.11.jar;C:\Users\Hemang Mishra\.gradle\caches\modules-2\files-2.1\org.jetbrains.compose.ui\ui-graphics-desktop\1.6.11\9e80f1f2e3104ef38e6e274576c8162bd9854afe\ui-graphics-desktop-1.6.11.jar;C:\Users\Hemang Mishra\.gradle\caches\modules-2\files-2.1\org.jetbrains.compose.ui\ui-unit-desktop\1.6.11\6489dd3c2b6122e1ebba9e9c1081779dc4e125ee\ui-unit-desktop-1.6.11.jar;C:\Users\Hemang Mishra\.gradle\caches\modules-2\files-2.1\org.jetbrains.compose.ui\ui-geometry-desktop\1.6.11\7eae6ed5c40e7e61eb16c2c7edfbd2019f2c239d\ui-geometry-desktop-1.6.11.jar;C:\Users\Hemang Mishra\.gradle\caches\modules-2\files-2.1\org.jetbrains.compose.ui\ui-tooling-preview-desktop\1.6.11\62232c44c61692b56d3071c29b0f9c8481b20574\ui-tooling-preview-desktop-1.6.11.jar;C:\Users\Hemang Mishra\.gradle\caches\modules-2\files-2.1\org.jetbrains.compose.runtime\runtime-desktop\1.6.11\328c18df89b7bf14a52d2d39e20065b029cdfeeb\runtime-desktop-1.6.11.jar;C:\Users\Hemang Mishra\.gradle\caches\modules-2\files-2.1\org.jetbrains.compose.components\components-ui-tooling-preview-desktop\1.6.11\8f7a6367fc68382f164dd64ef4b88f98a531b612\library-desktop-1.6.11.jar;C:\Users\Hemang Mishra\.gradle\caches\modules-2\files-2.1\org.jetbrains.skiko\skiko-awt-runtime-windows-x64\0.8.4\2edf3fdbe20d02b8fa39eed2dd5e8d70647c821\skiko-awt-runtime-windows-x64-0.8.4.jar;C:\Users\Hemang Mishra\.gradle\caches\modules-2\files-2.1\org.jetbrains.skiko\skiko-awt\0.8.4\d86c3b412d118aa62c8cdf606fc364e2cb4ff1f9\skiko-awt-0.8.4.jar;C:\Users\Hemang Mishra\.gradle\caches\modules-2\files-2.1\org.jetbrains.kotlin\kotlin-stdlib-jdk8\1.9.23\557350a0941ddfe919fd2a30d996355bebc8a3a3\kotlin-stdlib-jdk8-1.9.23.jar;C:\Users\Hemang Mishra\.gradle\caches\modules-2\files-2.1\org.jetbrains.kotlinx\atomicfu-jvm\0.23.2\a4601dc42dceb031a586058e8356ff778a57dea0\atomicfu-jvm-0.23.2.jar;C:\Users\Hemang Mishra\.gradle\caches\modules-2\files-2.1\org.jetbrains.androidx.navigation\navigation-runtime-desktop\2.7.0-alpha07\b4daccc916bed139ba1ad7807d05c4b0141867b6\navigation-runtime-desktop-2.7.0-alpha07.jar;C:\Users\Hemang Mishra\.gradle\caches\modules-2\files-2.1\org.jetbrains.androidx.navigation\navigation-common-desktop\2.7.0-alpha07\5d37c0fdcca69bba1872d9834d980d8d0ddb1943\navigation-common-desktop-2.7.0-alpha07.jar;C:\Users\Hemang Mishra\.gradle\caches\modules-2\files-2.1\org.jetbrains.androidx.lifecycle\lifecycle-viewmodel-savedstate-desktop\2.8.0\265d012dd9af68327aeefe713c5f8cf50783f2d9\lifecycle-viewmodel-savedstate-desktop-2.8.0.jar;C:\Users\Hemang Mishra\.gradle\caches\modules-2\files-2.1\org.jetbrains.androidx.savedstate\savedstate-desktop\1.2.0\c741e3d8ed3656a04915004ec4cdafa75c7f6d9\savedstate-desktop-1.2.0.jar;C:\Users\Hemang Mishra\.gradle\caches\modules-2\files-2.1\androidx.lifecycle\lifecycle-runtime-desktop\2.8.0\fed8b9973735cbe77645edf153d5f7bb412bfd45\lifecycle-runtime-desktop-2.8.0.jar;C:\Users\Hemang Mishra\.gradle\caches\modules-2\files-2.1\androidx.lifecycle\lifecycle-common-jvm\2.8.0\7174a594afb73a9ad9ac9074ce78b94af3cc52a7\lifecycle-common-jvm-2.8.0.jar;C:\Users\Hemang Mishra\.gradle\caches\modules-2\files-2.1\androidx.lifecycle\lifecycle-viewmodel-desktop\2.8.0\b7e91a95c8ed79cde23e08651bc34f3d43392f0d\lifecycle-viewmodel-desktop-2.8.0.jar;C:\Users\Hemang Mishra\.gradle\caches\modules-2\files-2.1\org.jetbrains.kotlinx\kotlinx-coroutines-core-jvm\1.8.0\ac1dc37a30a93150b704022f8d895ee1bd3a36b3\kotlinx-coroutines-core-jvm-1.8.0.jar;C:\Users\Hemang Mishra\.gradle\caches\modules-2\files-2.1\org.jetbrains.compose.ui\ui-util-desktop\1.6.11\64039cd04d69b704a0b59a45567d2e4fc9fb0582\ui-util-desktop-1.6.11.jar;C:\Users\Hemang Mishra\.gradle\caches\modules-2\files-2.1\org.jetbrains.androidx.core\core-bundle-desktop\1.0.0\ab85d84b42a0bdc04e59ebd6bb9b5f2d0d974833\core-bundle-desktop-1.0.0.jar;C:\Users\Hemang Mishra\.gradle\caches\modules-2\files-2.1\androidx.collection\collection-jvm\1.4.0\e209fb7bd1183032f55a0408121c6251a81acb49\collection-jvm-1.4.0.jar;C:\Users\Hemang Mishra\.gradle\caches\modules-2\files-2.1\androidx.arch.core\core-common\2.2.0\5e1b8b81dfd5f52c56a8d53b18ca759c19a301f3\core-common-2.2.0.jar;C:\Users\Hemang Mishra\.gradle\caches\modules-2\files-2.1\androidx.annotation\annotation-jvm\1.8.0\b8a16fe526014b7941c1debaccaf9c5153692dbb\annotation-jvm-1.8.0.jar;C:\Users\Hemang Mishra\.gradle\caches\modules-2\files-2.1\org.jetbrains.kotlin\kotlin-stdlib-jdk7\1.9.23\b8eca9abec56bee1d01c788e3d571114416ea56d\kotlin-stdlib-jdk7-1.9.23.jar;C:\Users\Hemang Mishra\.gradle\caches\modules-2\files-2.1\org.jetbrains.kotlin\kotlin-stdlib\2.0.0\b48df2c4aede9586cc931ead433bc02d6fd7879e\kotlin-stdlib-2.0.0.jar;C:\Users\Hemang Mishra\.gradle\caches\modules-2\files-2.1\org.jetbrains\annotations\23.0.0\8cc20c07506ec18e0834947b84a864bfc094484e\annotations-23.0.0.jar
Launcher Type: SUN_STANDARD

[Global flags]
     intx CICompilerCount                          = 4                                         {product} {ergonomic}
     uint ConcGCThreads                            = 3                                         {product} {ergonomic}
     uint G1ConcRefinementThreads                  = 10                                        {product} {ergonomic}
   size_t G1HeapRegionSize                         = 2097152                                   {product} {ergonomic}
   size_t InitialHeapSize                          = 264241152                                 {product} {ergonomic}
   size_t MarkStackSize                            = 4194304                                   {product} {ergonomic}
   size_t MaxHeapSize                              = 4223664128                                {product} {ergonomic}
   size_t MinHeapDeltaBytes                        = 2097152                                   {product} {ergonomic}
   size_t MinHeapSize                              = 8388608                                   {product} {ergonomic}
    uintx NonNMethodCodeHeapSize                   = 5839372                                {pd product} {ergonomic}
    uintx NonProfiledCodeHeapSize                  = 122909434                              {pd product} {ergonomic}
    uintx ProfiledCodeHeapSize                     = 122909434                              {pd product} {ergonomic}
    uintx ReservedCodeCacheSize                    = 251658240                              {pd product} {ergonomic}
     bool SegmentedCodeCache                       = true                                      {product} {ergonomic}
   size_t SoftMaxHeapSize                          = 4223664128                             {manageable} {ergonomic}
     bool UseCompressedOops                        = true                           {product lp64_product} {ergonomic}
     bool UseG1GC                                  = true                                      {product} {ergonomic}
     bool UseLargePagesIndividualAllocation        = false                                  {pd product} {ergonomic}

Logging:
Log output configuration:
 #0: stdout all=warning uptime,level,tags foldmultilines=false
 #1: stderr all=off uptime,level,tags foldmultilines=false

Environment Variables:
CLASSPATH=D:\KmpApps\Process\\gradle\wrapper\gradle-wrapper.jar
PATH=C:\Program Files\Common Files\Oracle\Java\javapath;C:\Windows\system32;C:\Windows;C:\Windows\System32\Wbem;C:\Windows\System32\WindowsPowerShell\v1.0\;C:\Windows\System32\OpenSSH\;C:\Program Files (x86)\NVIDIA Corporation\PhysX\Common;C:\Program Files\NVIDIA Corporation\NVIDIA NvDLISR;C:\WINDOWS\system32;C:\WINDOWS;C:\WINDOWS\System32\Wbem;C:\WINDOWS\System32\WindowsPowerShell\v1.0\;C:\WINDOWS\System32\OpenSSH\;D:\Mingw\bin;C:\ProgramData\chocolatey\bin;D:\DemoCreator\Wondershare\Wondershare DemoCreator;D:\flutter\flutter\bin;D:\androidsdk\platform-tools;C:\Program Files\Git\cmd;D:\Programs\Jdk\bin;C:\Users\Hemang Mishra\AppData\Local\Programs\Python\Python312\Scripts\;C:\Users\Hemang Mishra\AppData\Local\Programs\Python\Python312\;C:\Users\Hemang Mishra\AppData\Local\Microsoft\WindowsApps;C:\Users\Hemang Mishra\AppData\Local\Programs\Microsoft VS Code\bin;D:\pycharm\PyCharm Community Edition 2024.1.1\bin;;C:\tools\dart-sdk\bin;C:\Users\Hemang Mishra\AppData\Local\Pub\Cache\bin;;D:\Programs\intellij\IntelliJ IDEA Community Edition 2024.1.2\bin;
USERNAME=Hemang Mishra
OS=Windows_NT
PROCESSOR_IDENTIFIER=Intel64 Family 6 Model 154 Stepping 3, GenuineIntel
TMP=C:\Users\HEMANG~1\AppData\Local\Temp
TEMP=C:\Users\HEMANG~1\AppData\Local\Temp




Periodic native trim disabled

---------------  S Y S T E M  ---------------

OS:
 Windows 11 , 64 bit Build 22621 (10.0.22621.3672)
OS uptime: 0 days 1:41 hours

CPU: total 12 (initial active 12) (6 cores per cpu, 2 threads per core) family 6 model 154 stepping 3 microcode 0x419, cx8, cmov, fxsr, ht, mmx, 3dnowpref, sse, sse2, sse3, ssse3, sse4.1, sse4.2, popcnt, lzcnt, tsc, tscinvbit, avx, avx2, aes, erms, clmul, bmi1, bmi2, adx, sha, fma, vzeroupper, clflush, clflushopt, clwb, serialize, rdtscp, rdpid, fsrm, f16c, pku, cet_ibt, cet_ss
Processor Information for processor 0
  Max Mhz: 2000, Current Mhz: 2000, Mhz Limit: 2000
Processor Information for processor 1
  Max Mhz: 2000, Current Mhz: 2000, Mhz Limit: 2000
Processor Information for processor 2
  Max Mhz: 2000, Current Mhz: 2000, Mhz Limit: 2000
Processor Information for processor 3
  Max Mhz: 2000, Current Mhz: 2000, Mhz Limit: 2000
Processor Information for processor 4
  Max Mhz: 2000, Current Mhz: 2000, Mhz Limit: 2000
Processor Information for processor 5
  Max Mhz: 2000, Current Mhz: 2000, Mhz Limit: 2000
Processor Information for processor 6
  Max Mhz: 2000, Current Mhz: 2000, Mhz Limit: 2000
Processor Information for processor 7
  Max Mhz: 2000, Current Mhz: 2000, Mhz Limit: 2000
Processor Information for processor 8
  Max Mhz: 2000, Current Mhz: 1500, Mhz Limit: 1500
Processor Information for processor 9
  Max Mhz: 2000, Current Mhz: 1500, Mhz Limit: 1500
Processor Information for processor 10
  Max Mhz: 2000, Current Mhz: 1500, Mhz Limit: 1500
Processor Information for processor 11
  Max Mhz: 2000, Current Mhz: 1500, Mhz Limit: 1500

Memory: 4k page, system-wide physical 16109M (2482M free)
TotalPageFile size 16109M (AvailPageFile size 199M)
current process WorkingSet (physical memory assigned to process): 12M, peak: 12M
current process commit charge ("private bytes"): 64M, peak: 316M

vm_info: Java HotSpot(TM) 64-Bit Server VM (22.0.1+8-16) for windows-amd64 JRE (22.0.1+8-16), built on 2024-03-12T10:33:16Z by "mach5one" with MS VC++ 17.6 (VS2022)

END.
